===============================================================================
	             A        H       H   FFFFFFFF    
	           A A       H       H   F           
	         A   A      H       H   F           
	       AAAAAAA     HHHHHHHHH   FFFFFF      
	     A       A    H       H   F           
	   A         A   H       H   F           
	 A           A  H       H   F       (1.0/110)
		Process 0. Total number of processes: 1
===============================================================================

 User Input:
=============
ic_filename       = /uio/hume/student-u49/leaheh/AST4320_project2/L20_64_dark.000020 (TIPSY binary, 90)
outfile_prefix    = L20_64_dark.000020
LgridDomain       = 64
LgridMax          = 16777216
NminPerHalo       = 20
VescTune          = 1.5
NperDomCell       = 2
NperRefCell       = 2.5
RhoVir            = 0
Dvir              = 200
MaxGatherRad      = 3 Mpc/h
LevelDomainDecomp = 6
NcpuReading       = 1 






===============================================================================

		PART A
	Setting up the run

===============================================================================



===============================================================================
  A-1  Opening the data file
===============================================================================

Opening /uio/hume/student-u49/leaheh/AST4320_project2/L20_64_dark.000020, a TIPSY binary file on 1 processes.
Assuming swapped file
Starting to initialize file object from /uio/hume/student-u49/leaheh/AST4320_project2/L20_64_dark.000020
   tipsy.info -> omega0:                         3.077000e-01
   tipsy.info -> lambda0:                        6.923000e-01
   tipsy.info -> boxsize:                        1.356200e+01
   tipsy.info -> vunit:                          4.685990e+02
   tipsy.info -> munit:                          6.923062e+14
   tipsy.info -> eunit:                          8.783380e+05
Done with initializing file object from /uio/hume/student-u49/leaheh/AST4320_project2/L20_64_dark.000020
Fileobject information:
  Filetype:             TIPSY binary
  Filename:             /uio/hume/student-u49/leaheh/AST4320_project2/L20_64_dark.000020
  Mode:                 1
  Swapping:             1
  File version:         1
  Header size:          1
  No. particles:        262144
  No. particles w/mass: 262144
  Multimass:            1
  MMass (Halo parts):   1e+40
  Minimal Weight:       1e+40
  Maximal Weight:       0
  Sum of all weights:   0
  No. of species:       0
  Position scale:       1
  Weight scale:         1
   time:                         2.510285e-01
  nbodies:                       262144
  ndim:                          3
  nsph:                          0
  ndark:                         262144
  nstar:                         0
  pad:                           0
Getting memory for the loadbalance structure
Getting memory for the bf array (1.000000MB)
Getting memory for the local bf array (1.000000MB)
Getting memory for fst- and lstkey arrays (2x0.007812kB)
Getting memory for (boundary) particle per cpu arrays (2x0.007812kB)
Done with creating loadbalance structure.


===============================================================================
  A-2  Reading data from file
===============================================================================


-------------------------------------------------------------------------------
  A-2.1  Creating Storage
-------------------------------------------------------------------------------

WARNING: There are 262144 particles in the file, but the choice of pread and pskip would need 18446744073709551615, adjusting to 262144

-------------------------------------------------------------------------------
  A-2.2  Reading
-------------------------------------------------------------------------------

Obviously the file uses float for floating point values (4 bytes).
A total of 262144 particle masses with 4 bytes per float (1.000000 MB total) are stored.
Asked to read 262144 and to skip 0 particles. Checking those numbers.
Updating local scale values to global values.
local : maxpos[0] = 0.499994 	maxpos[1] = 0.499999 	maxpos[2] = 0.499993
global: maxpos[0] = 0.499994 	maxpos[1] = 0.499999 	maxpos[2] = 0.499993
local : minpos[0] = -0.499995 	minpos[1] = -0.499994 	minpos[2] = -0.499991
global: minpos[0] = -0.499995 	minpos[1] = -0.499994 	minpos[2] = -0.499991
local : sumweight = 0.3077
global: sumweight = 0.3077
local : minweight = 1.17378e-06
global: minweight = 1.17378e-06
local : maxweight = 1.17378e-06
global: maxweight = 1.17378e-06
local : mmass = 1.17378e-06
global: mmass = 1.17378e-06
Extreme positions: xmin = -0.499995  xmax = 0.499994
                   ymin = -0.499994  ymax = 0.499999
                   zmin = -0.499991  zmax = 0.499993
Applying shift: (0.499995, 0.499994, 0.499991)
Scaling by:  positions:  1
             velocities: 0.0217733
             weights:    851947
             energies:   878338

-------------------------------------------------------------------------------
  A-2.3  Short sanity check
-------------------------------------------------------------------------------

First particle:
    positions (x,y,z):      0.0646727  0.0454221  0.059139
    velocities (vx,vy,vz):  0.0166077  0.0116081  0.0142558
    weight:                 1
    ID:                     0
    energy:                 -1
Last particle:
    positions (x,y,z):      0.0298724  0.00396624  0.0306001
    velocities (vx,vy,vz):  0.0109483  0.00389592  0.00999227
    weight:                 1
    ID:                     262143
    energy:                 -1


===============================================================================
  A-3  Setting simulation parameter
===============================================================================


-------------------------------------------------------------------------------
  A-3.1  Information from file
-------------------------------------------------------------------------------

WARNING: ainitial is not set in a TIPSY file, using current expansion.
WARNING: TIPSY files don't store the use of double precision. Assuming it is not double precision.
WARNING: TIPSY files don't store the timestep. Setting to 500

-------------------------------------------------------------------------------
  A-3.2  Gathering from reading processes
-------------------------------------------------------------------------------

Broadcast of simulation parameters!
Broadcast done.

-------------------------------------------------------------------------------
  A-3.3  Local setup
-------------------------------------------------------------------------------

Creating timeline from a = 0.0251029 to a = 1
Timeline created
Setting volume boundaries
  minkey: 0
  maxkey: 262143
  level : 6
  ctype : Hilbert curve

-------------------------------------------------------------------------------
  A-3.4  Used simulation parameters
-------------------------------------------------------------------------------

simu.omega0          :  0.3077
simu.lambda0         :  0.6923
simu.boxsize         :  13.562
simu.a_initial       :  0.251029
simu.a_final         :  1
simu.z_initial       :  2.98361
simu.z_final         :  0
simu.t_initial       :  0.150275
simu.t_final         :  0.957281
simu.super_t_initial :  -3.10599
simu.super_t_final   :  -0
simu.mean_dens       :  1
simu.FourPiG         :  0.46155
simu.pmass           :  8.12617e+08
simu.t_unit          :  0.01
simu.gamma           :  0
simu.timeline (ptr)  :  0x661088
simu.no_part         :  262144
simu.no_vpart        :  262144
simu.no_species      :  1
simu.no_halos        :  0
simu.NGRID_DOM       :  64
simu.NGRID_MIN       :  64
simu.NGRID_MAX       :  16777216
simu.Nth_dom         :  2
simu.Nth_ref         :  2.5
simu.MaxGatherRad    :  3
simu.lb_level        :  6
simu.min_weight      :  1
simu.max_weight      :  1
simu.np_limit        :  0
simu.mmfocus         :  0
simu.multi_mass      :  1
simu.double_precision:  0

-------------------------------------------------------------------------------
  A-3.5  Setting time counter
-------------------------------------------------------------------------------

WARNING: TIPSY files don't store the timestep. Setting to 500
WARNING: TIPSY files don't store the timestep. Setting to 0.0


===============================================================================
  A-4  Tidying
===============================================================================

Closing a TIPSY binary file.


===============================================================================
  A-5  Initial Load-Balancing and Particle Distribution
===============================================================================


-------------------------------------------------------------------------------
  A-5.1  Loadbalancing
-------------------------------------------------------------------------------

Setting local counting array to 0... done
Updating SFC-Key and counting... done
Calculating the distribution of the cells.
first global bucket = 0000000

ppcpu = 0262144npart: 0000001

Calculating how many particle of which process we are holding.
Loadbalance done.
Loadbalance structure:
  scheme:          equalpart: Same number of particles per cpu
  level:           6
  startkey:        0
  totkeys:         262144
  bf:              skipping 1024.000000kB
  loc_bf:          skipping 1024.000000kB
  ncpu:            1
  fstkey/lstkey:
    0000    0/262143
  no_parts/no_parts_loc:
    0000:   262144/262144
  Inner boundary:
    To CPU 0, Quality: 262144/0 = inf
  Outer boundary:
    Quality: 262144/0 = inf

-------------------------------------------------------------------------------
  A-5.2  Sorting particles
-------------------------------------------------------------------------------

Sorting done.

-------------------------------------------------------------------------------
  A-5.3  Distributing particles
-------------------------------------------------------------------------------

Currently having 262144 particles.
Distributing done.
Having 262144 particles!

-------------------------------------------------------------------------------
  A-5.4  AHF distribution (duplicating)
-------------------------------------------------------------------------------

Received 0 new particles.
AHF distribution done.
Minimizing memory usage of loadbalance structure.
Free'd bf array (1.000000MB returned)
Free'd local bf array (1.000000MB returned)
amiga_main:  running with 262144 particles






===============================================================================

		PART B
	Handing over logging to AMIGA

===============================================================================

################## ahf_gridinfo ###################
Number of grids           = 6
Number of refinements     = 5
global.domgrid_no         = 0
l1dim =               64 refine_ovdens =            2.414 ovlim =              200
l1dim =              128 refine_ovdens =            19.31 ovlim =              200
l1dim =              256 refine_ovdens =            154.5 ovlim =              200
l1dim =              512 refine_ovdens =             1236 ovlim =              200
l1dim =             1024 refine_ovdens =             9888 ovlim =              200
l1dim =             2048 refine_ovdens =         7.91e+04 ovlim =              200
max_ovdens = 79100.9
min_ref = 2    (ahf_nogrids = 4)
################## ahf_gridinfo finished ##################

#################### ahf_halos ####################
AHF_MINPART  = 20
AHF_VTUNE    = 1.5
z            = 2.98361
Omega(z)     = 0.965633
OmegaL(z)    = 0.0343675
rho_crit(z)  = 8.84429e+10
rho_back(z)  = 8.54034e+10
rho_vir(z)   = 8.84429e+10 (actual normalisation density)
Delta_vir(z) = 200
Hubble(z)    = 448.821

Figuring out which halo can be ignored.
Done with flagging halos to be ignored: numHalos=678 new_numHalos=678
  Used    0.0085785s to write halos
  Used     0.024158s to write profiles
  Used     0.032475s to write substructures
  Used     0.011367s to write particles
Used     0.076601s to write data to ASCII files

supercomoving T = -3.105989
scale factor  a = 0.251028
redshift      z = 2.983612

grid information
----------------
GRID           64: nodes=      262144 ( 0.00586 GB) npart=       11027 - TIME: pot=     0 dens=     0 DK=     0 grid=     0 hydro=     0 - SWEEPS: 0 0
GRID          128: nodes=      794352 (  0.0178 GB) npart=      161701 - TIME: pot=     0 dens=     0 DK=     0 grid=     1 hydro=     0 - SWEEPS: 0 0
GRID          256: nodes=      432936 ( 0.00968 GB) npart=       57680 - TIME: pot=     0 dens=     0 DK=     0 grid=     0 hydro=     0 - SWEEPS: 0 0
GRID          512: nodes=      207864 ( 0.00465 GB) npart=       25122 - TIME: pot=     0 dens=     0 DK=     0 grid=     0 hydro=     0 - SWEEPS: 0 0
GRID         1024: nodes=       55608 ( 0.00124 GB) npart=        6262 - TIME: pot=     0 dens=     0 DK=     0 grid=     0 hydro=     0 - SWEEPS: 0 0
GRID         2048: nodes=        3600 (8.05e-05 GB) npart=         352 - TIME: pot=     0 dens=     0 grid=     0
                                                                                        0           0         1
detailed timing information (in sec.)
-------------------------------------
io           = 1
      - startrun     = 0
      - loadbalance  = 1
      - distribution = 0
gendomgrids  = 0
ll           = 0
genrefgrids  = 1
densrecovery = 0
ahf_gridinfo = 0
ahf_halos    = 0
      - RefCentre                   = 0
      - analyseRef                  = 0
      - generate_tree               = 1
      - spatialRef2halos            = 0
      - ahf_halos_sfc_constructHalo = 0
      - I/O                         = 0

summary information
-------------------
total time          =        2 seconds (0.000556 hours)
cumulative time     = 0.000556 hours (2.31481e-05 days)
memory during step  =   0.0558 GB
==========================================================
                       FINISHED (v1.0/110)
==========================================================
